{"C:\\Projects\\web\\hopper-app\\src\\App.tsx": {"path":"C:\\Projects\\web\\hopper-app\\src\\App.tsx","statementMap":{"0":{"start":{"line":6,"column":2},"end":{"line":9,"column":null}}},"fnMap":{"0":{"name":"App","decl":{"start":{"line":5,"column":9},"end":{"line":5,"column":15}},"loc":{"start":{"line":5,"column":15},"end":{"line":11,"column":null}},"line":5}},"branchMap":{},"s":{"0":2},"f":{"0":2},"b":{},"meta":{"lastBranch":0,"lastFunction":1,"lastStatement":1,"seen":{"f:5:9:5:15":0,"s:6:2:9:Infinity":0}}}
,"C:\\Projects\\web\\hopper-app\\src\\index.css": {"path":"C:\\Projects\\web\\hopper-app\\src\\index.css","statementMap":{},"fnMap":{},"branchMap":{},"s":{},"f":{},"b":{},"meta":{"lastBranch":0,"lastFunction":0,"lastStatement":0,"seen":{}}}
,"C:\\Projects\\web\\hopper-app\\src\\features\\auth\\components\\ProtectedRoute.tsx": {"path":"C:\\Projects\\web\\hopper-app\\src\\features\\auth\\components\\ProtectedRoute.tsx","statementMap":{"0":{"start":{"line":11,"column":23},"end":{"line":35,"column":null}},"1":{"start":{"line":12,"column":37},"end":{"line":12,"column":null}},"2":{"start":{"line":14,"column":4},"end":{"line":23,"column":null}},"3":{"start":{"line":15,"column":8},"end":{"line":21,"column":null}},"4":{"start":{"line":25,"column":4},"end":{"line":27,"column":null}},"5":{"start":{"line":26,"column":8},"end":{"line":26,"column":null}},"6":{"start":{"line":29,"column":4},"end":{"line":33,"column":null}}},"fnMap":{"0":{"name":"(anonymous_0)","decl":{"start":{"line":11,"column":23},"end":{"line":11,"column":24}},"loc":{"start":{"line":11,"column":62},"end":{"line":35,"column":null}},"line":11}},"branchMap":{"0":{"loc":{"start":{"line":14,"column":4},"end":{"line":23,"column":null}},"type":"if","locations":[{"start":{"line":14,"column":4},"end":{"line":23,"column":null}},{"start":{},"end":{}}],"line":14},"1":{"loc":{"start":{"line":25,"column":4},"end":{"line":27,"column":null}},"type":"if","locations":[{"start":{"line":25,"column":4},"end":{"line":27,"column":null}},{"start":{},"end":{}}],"line":25}},"s":{"0":1,"1":5,"2":5,"3":1,"4":4,"5":1,"6":3},"f":{"0":5},"b":{"0":[1,4],"1":[1,3]},"meta":{"lastBranch":2,"lastFunction":1,"lastStatement":7,"seen":{"s:11:23:35:Infinity":0,"f:11:23:11:24":0,"s:12:37:12:Infinity":1,"b:14:4:23:Infinity:undefined:undefined:undefined:undefined":0,"s:14:4:23:Infinity":2,"s:15:8:21:Infinity":3,"b:25:4:27:Infinity:undefined:undefined:undefined:undefined":1,"s:25:4:27:Infinity":4,"s:26:8:26:Infinity":5,"s:29:4:33:Infinity":6}}}
,"C:\\Projects\\web\\hopper-app\\src\\features\\auth\\context\\AuthContext.tsx": {"path":"C:\\Projects\\web\\hopper-app\\src\\features\\auth\\context\\AuthContext.tsx","statementMap":{"0":{"start":{"line":11,"column":28},"end":{"line":19,"column":null}},"1":{"start":{"line":12,"column":10},"end":{"line":12,"column":null}},"2":{"start":{"line":12,"column":45},"end":{"line":12,"column":59}},"3":{"start":{"line":14,"column":4},"end":{"line":16,"column":null}},"4":{"start":{"line":15,"column":8},"end":{"line":15,"column":null}},"5":{"start":{"line":18,"column":4},"end":{"line":18,"column":null}},"6":{"start":{"line":30,"column":23},"end":{"line":48,"column":null}},"7":{"start":{"line":31,"column":10},"end":{"line":31,"column":null}},"8":{"start":{"line":31,"column":41},"end":{"line":31,"column":51}},"9":{"start":{"line":32,"column":10},"end":{"line":32,"column":null}},"10":{"start":{"line":32,"column":42},"end":{"line":32,"column":53}},"11":{"start":{"line":33,"column":10},"end":{"line":33,"column":null}},"12":{"start":{"line":33,"column":52},"end":{"line":33,"column":73}},"13":{"start":{"line":34,"column":10},"end":{"line":34,"column":null}},"14":{"start":{"line":34,"column":44},"end":{"line":34,"column":57}},"15":{"start":{"line":35,"column":10},"end":{"line":35,"column":null}},"16":{"start":{"line":35,"column":42},"end":{"line":35,"column":53}},"17":{"start":{"line":36,"column":10},"end":{"line":36,"column":null}},"18":{"start":{"line":36,"column":43},"end":{"line":36,"column":55}},"19":{"start":{"line":37,"column":10},"end":{"line":37,"column":null}},"20":{"start":{"line":37,"column":44},"end":{"line":37,"column":57}},"21":{"start":{"line":39,"column":4},"end":{"line":47,"column":null}}},"fnMap":{"0":{"name":"(anonymous_0)","decl":{"start":{"line":11,"column":28},"end":{"line":11,"column":29}},"loc":{"start":{"line":11,"column":71},"end":{"line":19,"column":null}},"line":11},"1":{"name":"(anonymous_1)","decl":{"start":{"line":12,"column":34},"end":{"line":12,"column":35}},"loc":{"start":{"line":12,"column":45},"end":{"line":12,"column":59}},"line":12},"2":{"name":"(anonymous_2)","decl":{"start":{"line":14,"column":14},"end":{"line":14,"column":20}},"loc":{"start":{"line":14,"column":20},"end":{"line":16,"column":7}},"line":14},"3":{"name":"(anonymous_3)","decl":{"start":{"line":30,"column":23},"end":{"line":30,"column":29}},"loc":{"start":{"line":30,"column":29},"end":{"line":48,"column":null}},"line":30},"4":{"name":"(anonymous_4)","decl":{"start":{"line":31,"column":30},"end":{"line":31,"column":31}},"loc":{"start":{"line":31,"column":41},"end":{"line":31,"column":51}},"line":31},"5":{"name":"(anonymous_5)","decl":{"start":{"line":32,"column":31},"end":{"line":32,"column":32}},"loc":{"start":{"line":32,"column":42},"end":{"line":32,"column":53}},"line":32},"6":{"name":"(anonymous_6)","decl":{"start":{"line":33,"column":41},"end":{"line":33,"column":42}},"loc":{"start":{"line":33,"column":52},"end":{"line":33,"column":73}},"line":33},"7":{"name":"(anonymous_7)","decl":{"start":{"line":34,"column":33},"end":{"line":34,"column":34}},"loc":{"start":{"line":34,"column":44},"end":{"line":34,"column":57}},"line":34},"8":{"name":"(anonymous_8)","decl":{"start":{"line":35,"column":31},"end":{"line":35,"column":32}},"loc":{"start":{"line":35,"column":42},"end":{"line":35,"column":53}},"line":35},"9":{"name":"(anonymous_9)","decl":{"start":{"line":36,"column":32},"end":{"line":36,"column":33}},"loc":{"start":{"line":36,"column":43},"end":{"line":36,"column":55}},"line":36},"10":{"name":"(anonymous_10)","decl":{"start":{"line":37,"column":33},"end":{"line":37,"column":34}},"loc":{"start":{"line":37,"column":44},"end":{"line":37,"column":57}},"line":37}},"branchMap":{},"s":{"0":1,"1":2,"2":2,"3":2,"4":2,"5":2,"6":1,"7":4,"8":4,"9":4,"10":4,"11":4,"12":4,"13":4,"14":4,"15":4,"16":4,"17":4,"18":4,"19":4,"20":4,"21":4},"f":{"0":2,"1":2,"2":2,"3":4,"4":4,"5":4,"6":4,"7":4,"8":4,"9":4,"10":4},"b":{},"meta":{"lastBranch":0,"lastFunction":11,"lastStatement":22,"seen":{"s:11:28:19:Infinity":0,"f:11:28:11:29":0,"s:12:10:12:Infinity":1,"f:12:34:12:35":1,"s:12:45:12:59":2,"s:14:4:16:Infinity":3,"f:14:14:14:20":2,"s:15:8:15:Infinity":4,"s:18:4:18:Infinity":5,"s:30:23:48:Infinity":6,"f:30:23:30:29":3,"s:31:10:31:Infinity":7,"f:31:30:31:31":4,"s:31:41:31:51":8,"s:32:10:32:Infinity":9,"f:32:31:32:32":5,"s:32:42:32:53":10,"s:33:10:33:Infinity":11,"f:33:41:33:42":6,"s:33:52:33:73":12,"s:34:10:34:Infinity":13,"f:34:33:34:34":7,"s:34:44:34:57":14,"s:35:10:35:Infinity":15,"f:35:31:35:32":8,"s:35:42:35:53":16,"s:36:10:36:Infinity":17,"f:36:32:36:33":9,"s:36:43:36:55":18,"s:37:10:37:Infinity":19,"f:37:33:37:34":10,"s:37:44:37:57":20,"s:39:4:47:Infinity":21}}}
,"C:\\Projects\\web\\hopper-app\\src\\features\\dashboard\\services\\dashboardService.ts": {"path":"C:\\Projects\\web\\hopper-app\\src\\features\\dashboard\\services\\dashboardService.ts","statementMap":{"0":{"start":{"line":4,"column":32},"end":{"line":67,"column":null}},"1":{"start":{"line":9,"column":25},"end":{"line":9,"column":null}},"2":{"start":{"line":10,"column":8},"end":{"line":10,"column":null}},"3":{"start":{"line":17,"column":25},"end":{"line":17,"column":null}},"4":{"start":{"line":19,"column":8},"end":{"line":19,"column":null}},"5":{"start":{"line":26,"column":8},"end":{"line":34,"column":null}},"6":{"start":{"line":27,"column":29},"end":{"line":27,"column":null}},"7":{"start":{"line":28,"column":12},"end":{"line":30,"column":null}},"8":{"start":{"line":29,"column":16},"end":{"line":29,"column":null}},"9":{"start":{"line":31,"column":12},"end":{"line":31,"column":null}},"10":{"start":{"line":33,"column":12},"end":{"line":33,"column":null}},"11":{"start":{"line":41,"column":8},"end":{"line":41,"column":null}},"12":{"start":{"line":48,"column":25},"end":{"line":48,"column":null}},"13":{"start":{"line":49,"column":8},"end":{"line":49,"column":null}},"14":{"start":{"line":56,"column":8},"end":{"line":56,"column":null}},"15":{"start":{"line":63,"column":8},"end":{"line":65,"column":null}}},"fnMap":{"0":{"name":"(anonymous_0)","decl":{"start":{"line":8,"column":10},"end":{"line":8,"column":57}},"loc":{"start":{"line":8,"column":57},"end":{"line":11,"column":null}},"line":8},"1":{"name":"(anonymous_1)","decl":{"start":{"line":16,"column":10},"end":{"line":16,"column":31}},"loc":{"start":{"line":16,"column":77},"end":{"line":20,"column":null}},"line":16},"2":{"name":"(anonymous_2)","decl":{"start":{"line":25,"column":10},"end":{"line":25,"column":35}},"loc":{"start":{"line":25,"column":80},"end":{"line":35,"column":null}},"line":25},"3":{"name":"(anonymous_3)","decl":{"start":{"line":40,"column":10},"end":{"line":40,"column":22}},"loc":{"start":{"line":40,"column":58},"end":{"line":42,"column":null}},"line":40},"4":{"name":"(anonymous_4)","decl":{"start":{"line":47,"column":10},"end":{"line":47,"column":32}},"loc":{"start":{"line":47,"column":84},"end":{"line":50,"column":null}},"line":47},"5":{"name":"(anonymous_5)","decl":{"start":{"line":55,"column":10},"end":{"line":55,"column":25}},"loc":{"start":{"line":55,"column":61},"end":{"line":57,"column":null}},"line":55},"6":{"name":"(anonymous_6)","decl":{"start":{"line":62,"column":10},"end":{"line":62,"column":26}},"loc":{"start":{"line":62,"column":98},"end":{"line":66,"column":null}},"line":62}},"branchMap":{"0":{"loc":{"start":{"line":28,"column":12},"end":{"line":30,"column":null}},"type":"if","locations":[{"start":{"line":28,"column":12},"end":{"line":30,"column":null}},{"start":{},"end":{}}],"line":28},"1":{"loc":{"start":{"line":28,"column":16},"end":{"line":28,"column":71}},"type":"binary-expr","locations":[{"start":{"line":28,"column":16},"end":{"line":28,"column":39}},{"start":{"line":28,"column":39},"end":{"line":28,"column":71}}],"line":28}},"s":{"0":1,"1":2,"2":1,"3":1,"4":1,"5":3,"6":3,"7":2,"8":1,"9":1,"10":1,"11":2,"12":1,"13":1,"14":0,"15":0},"f":{"0":2,"1":1,"2":3,"3":2,"4":1,"5":0,"6":0},"b":{"0":[1,1],"1":[2,2]},"meta":{"lastBranch":2,"lastFunction":7,"lastStatement":16,"seen":{"s:4:32:67:Infinity":0,"f:8:10:8:57":0,"s:9:25:9:Infinity":1,"s:10:8:10:Infinity":2,"f:16:10:16:31":1,"s:17:25:17:Infinity":3,"s:19:8:19:Infinity":4,"f:25:10:25:35":2,"s:26:8:34:Infinity":5,"s:27:29:27:Infinity":6,"b:28:12:30:Infinity:undefined:undefined:undefined:undefined":0,"s:28:12:30:Infinity":7,"b:28:16:28:39:28:39:28:71":1,"s:29:16:29:Infinity":8,"s:31:12:31:Infinity":9,"s:33:12:33:Infinity":10,"f:40:10:40:22":3,"s:41:8:41:Infinity":11,"f:47:10:47:32":4,"s:48:25:48:Infinity":12,"s:49:8:49:Infinity":13,"f:55:10:55:25":5,"s:56:8:56:Infinity":14,"f:62:10:62:26":6,"s:63:8:65:Infinity":15}}}
,"C:\\Projects\\web\\hopper-app\\src\\shared\\components\\Badge.tsx": {"path":"C:\\Projects\\web\\hopper-app\\src\\shared\\components\\Badge.tsx","statementMap":{"0":{"start":{"line":3,"column":17},"end":{"line":10,"column":null}},"1":{"start":{"line":12,"column":14},"end":{"line":16,"column":null}},"2":{"start":{"line":26,"column":2},"end":{"line":37,"column":null}}},"fnMap":{"0":{"name":"Badge","decl":{"start":{"line":25,"column":16},"end":{"line":25,"column":22}},"loc":{"start":{"line":25,"column":108},"end":{"line":39,"column":null}},"line":25}},"branchMap":{"0":{"loc":{"start":{"line":25,"column":34},"end":{"line":25,"column":55}},"type":"default-arg","locations":[{"start":{"line":25,"column":44},"end":{"line":25,"column":55}}],"line":25},"1":{"loc":{"start":{"line":25,"column":55},"end":{"line":25,"column":68}},"type":"default-arg","locations":[{"start":{"line":25,"column":62},"end":{"line":25,"column":68}}],"line":25},"2":{"loc":{"start":{"line":25,"column":68},"end":{"line":25,"column":84}},"type":"default-arg","locations":[{"start":{"line":25,"column":80},"end":{"line":25,"column":84}}],"line":25}},"s":{"0":1,"1":1,"2":14},"f":{"0":14},"b":{"0":[14],"1":[14],"2":[14]},"meta":{"lastBranch":3,"lastFunction":1,"lastStatement":3,"seen":{"s:3:17:10:Infinity":0,"s:12:14:16:Infinity":1,"f:25:16:25:22":0,"b:25:44:25:55":0,"b:25:62:25:68":1,"b:25:80:25:84":2,"s:26:2:37:Infinity":2}}}
,"C:\\Projects\\web\\hopper-app\\src\\shared\\components\\Button.tsx": {"path":"C:\\Projects\\web\\hopper-app\\src\\shared\\components\\Button.tsx","statementMap":{"0":{"start":{"line":4,"column":17},"end":{"line":10,"column":null}},"1":{"start":{"line":12,"column":14},"end":{"line":16,"column":null}},"2":{"start":{"line":25,"column":13},"end":{"line":51,"column":null}},"3":{"start":{"line":27,"column":4},"end":{"line":48,"column":null}},"4":{"start":{"line":53,"column":0},"end":{"line":53,"column":null}}},"fnMap":{"0":{"name":"(anonymous_0)","decl":{"start":{"line":26,"column":2},"end":{"line":26,"column":3}},"loc":{"start":{"line":26,"column":106},"end":{"line":50,"column":null}},"line":26}},"branchMap":{"0":{"loc":{"start":{"line":26,"column":5},"end":{"line":26,"column":26}},"type":"default-arg","locations":[{"start":{"line":26,"column":15},"end":{"line":26,"column":26}}],"line":26},"1":{"loc":{"start":{"line":26,"column":26},"end":{"line":26,"column":39}},"type":"default-arg","locations":[{"start":{"line":26,"column":33},"end":{"line":26,"column":39}}],"line":26},"2":{"loc":{"start":{"line":26,"column":60},"end":{"line":26,"column":76}},"type":"default-arg","locations":[{"start":{"line":26,"column":72},"end":{"line":26,"column":76}}],"line":26},"3":{"loc":{"start":{"line":30,"column":18},"end":{"line":30,"column":null}},"type":"binary-expr","locations":[{"start":{"line":30,"column":18},"end":{"line":30,"column":30}},{"start":{"line":30,"column":30},"end":{"line":30,"column":null}}],"line":30},"4":{"loc":{"start":{"line":41,"column":9},"end":{"line":45,"column":null}},"type":"binary-expr","locations":[{"start":{"line":41,"column":9},"end":{"line":41,"column":null}},{"start":{"line":42,"column":10},"end":{"line":45,"column":null}}],"line":41}},"s":{"0":1,"1":1,"2":1,"3":17,"4":1},"f":{"0":17},"b":{"0":[17],"1":[17],"2":[17],"3":[17,15],"4":[17,2]},"meta":{"lastBranch":5,"lastFunction":1,"lastStatement":5,"seen":{"s:4:17:10:Infinity":0,"s:12:14:16:Infinity":1,"s:25:13:51:Infinity":2,"f:26:2:26:3":0,"b:26:15:26:26":0,"b:26:33:26:39":1,"b:26:72:26:76":2,"s:27:4:48:Infinity":3,"b:30:18:30:30:30:30:30:Infinity":3,"b:41:9:41:Infinity:42:10:45:Infinity":4,"s:53:0:53:Infinity":4}}}
,"C:\\Projects\\web\\hopper-app\\src\\shared\\components\\Card.tsx": {"path":"C:\\Projects\\web\\hopper-app\\src\\shared\\components\\Card.tsx","statementMap":{"0":{"start":{"line":9,"column":4},"end":{"line":12,"column":null}},"1":{"start":{"line":22,"column":4},"end":{"line":25,"column":null}},"2":{"start":{"line":35,"column":4},"end":{"line":38,"column":null}},"3":{"start":{"line":48,"column":4},"end":{"line":51,"column":null}},"4":{"start":{"line":61,"column":4},"end":{"line":64,"column":null}},"5":{"start":{"line":74,"column":4},"end":{"line":77,"column":null}}},"fnMap":{"0":{"name":"Card","decl":{"start":{"line":8,"column":16},"end":{"line":8,"column":21}},"loc":{"start":{"line":8,"column":72},"end":{"line":14,"column":null}},"line":8},"1":{"name":"CardHeader","decl":{"start":{"line":21,"column":16},"end":{"line":21,"column":27}},"loc":{"start":{"line":21,"column":84},"end":{"line":27,"column":null}},"line":21},"2":{"name":"CardTitle","decl":{"start":{"line":34,"column":16},"end":{"line":34,"column":26}},"loc":{"start":{"line":34,"column":82},"end":{"line":40,"column":null}},"line":34},"3":{"name":"CardDescription","decl":{"start":{"line":47,"column":16},"end":{"line":47,"column":32}},"loc":{"start":{"line":47,"column":94},"end":{"line":53,"column":null}},"line":47},"4":{"name":"CardContent","decl":{"start":{"line":60,"column":16},"end":{"line":60,"column":28}},"loc":{"start":{"line":60,"column":86},"end":{"line":66,"column":null}},"line":60},"5":{"name":"CardFooter","decl":{"start":{"line":73,"column":16},"end":{"line":73,"column":27}},"loc":{"start":{"line":73,"column":84},"end":{"line":79,"column":null}},"line":73}},"branchMap":{"0":{"loc":{"start":{"line":8,"column":33},"end":{"line":8,"column":49}},"type":"default-arg","locations":[{"start":{"line":8,"column":45},"end":{"line":8,"column":49}}],"line":8},"1":{"loc":{"start":{"line":21,"column":39},"end":{"line":21,"column":55}},"type":"default-arg","locations":[{"start":{"line":21,"column":51},"end":{"line":21,"column":55}}],"line":21},"2":{"loc":{"start":{"line":34,"column":38},"end":{"line":34,"column":54}},"type":"default-arg","locations":[{"start":{"line":34,"column":50},"end":{"line":34,"column":54}}],"line":34},"3":{"loc":{"start":{"line":47,"column":44},"end":{"line":47,"column":60}},"type":"default-arg","locations":[{"start":{"line":47,"column":56},"end":{"line":47,"column":60}}],"line":47},"4":{"loc":{"start":{"line":60,"column":40},"end":{"line":60,"column":56}},"type":"default-arg","locations":[{"start":{"line":60,"column":52},"end":{"line":60,"column":56}}],"line":60},"5":{"loc":{"start":{"line":73,"column":39},"end":{"line":73,"column":55}},"type":"default-arg","locations":[{"start":{"line":73,"column":51},"end":{"line":73,"column":55}}],"line":73}},"s":{"0":5,"1":4,"2":5,"3":5,"4":4,"5":4},"f":{"0":5,"1":4,"2":5,"3":5,"4":4,"5":4},"b":{"0":[5],"1":[4],"2":[5],"3":[5],"4":[4],"5":[4]},"meta":{"lastBranch":6,"lastFunction":6,"lastStatement":6,"seen":{"f:8:16:8:21":0,"b:8:45:8:49":0,"s:9:4:12:Infinity":0,"f:21:16:21:27":1,"b:21:51:21:55":1,"s:22:4:25:Infinity":1,"f:34:16:34:26":2,"b:34:50:34:54":2,"s:35:4:38:Infinity":2,"f:47:16:47:32":3,"b:47:56:47:60":3,"s:48:4:51:Infinity":3,"f:60:16:60:28":4,"b:60:52:60:56":4,"s:61:4:64:Infinity":4,"f:73:16:73:27":5,"b:73:51:73:55":5,"s:74:4:77:Infinity":5}}}
,"C:\\Projects\\web\\hopper-app\\src\\shared\\components\\Container.tsx": {"path":"C:\\Projects\\web\\hopper-app\\src\\shared\\components\\Container.tsx","statementMap":{"0":{"start":{"line":9,"column":24},"end":{"line":16,"column":null}},"1":{"start":{"line":19,"column":2},"end":{"line":22,"column":null}}},"fnMap":{"0":{"name":"Container","decl":{"start":{"line":18,"column":16},"end":{"line":18,"column":26}},"loc":{"start":{"line":18,"column":99},"end":{"line":24,"column":null}},"line":18}},"branchMap":{"0":{"loc":{"start":{"line":18,"column":38},"end":{"line":18,"column":54}},"type":"default-arg","locations":[{"start":{"line":18,"column":50},"end":{"line":18,"column":54}}],"line":18},"1":{"loc":{"start":{"line":18,"column":54},"end":{"line":18,"column":71}},"type":"default-arg","locations":[{"start":{"line":18,"column":65},"end":{"line":18,"column":71}}],"line":18}},"s":{"0":1,"1":4},"f":{"0":4},"b":{"0":[4],"1":[4]},"meta":{"lastBranch":2,"lastFunction":1,"lastStatement":2,"seen":{"s:9:24:16:Infinity":0,"f:18:16:18:26":0,"b:18:50:18:54":0,"b:18:65:18:71":1,"s:19:2:22:Infinity":1}}}
,"C:\\Projects\\web\\hopper-app\\src\\shared\\components\\Input.tsx": {"path":"C:\\Projects\\web\\hopper-app\\src\\shared\\components\\Input.tsx","statementMap":{"0":{"start":{"line":10,"column":13},"end":{"line":43,"column":null}},"1":{"start":{"line":12,"column":20},"end":{"line":12,"column":null}},"2":{"start":{"line":14,"column":4},"end":{"line":40,"column":null}},"3":{"start":{"line":45,"column":0},"end":{"line":45,"column":null}}},"fnMap":{"0":{"name":"(anonymous_0)","decl":{"start":{"line":11,"column":2},"end":{"line":11,"column":3}},"loc":{"start":{"line":11,"column":71},"end":{"line":42,"column":null}},"line":11}},"branchMap":{"0":{"loc":{"start":{"line":11,"column":31},"end":{"line":11,"column":47}},"type":"default-arg","locations":[{"start":{"line":11,"column":43},"end":{"line":11,"column":47}}],"line":11},"1":{"loc":{"start":{"line":12,"column":20},"end":{"line":12,"column":null}},"type":"binary-expr","locations":[{"start":{"line":12,"column":20},"end":{"line":12,"column":26}},{"start":{"line":12,"column":26},"end":{"line":12,"column":null}}],"line":12},"2":{"loc":{"start":{"line":16,"column":9},"end":{"line":19,"column":null}},"type":"binary-expr","locations":[{"start":{"line":16,"column":9},"end":{"line":16,"column":null}},{"start":{"line":17,"column":10},"end":{"line":19,"column":null}}],"line":16},"3":{"loc":{"start":{"line":29,"column":14},"end":{"line":29,"column":77}},"type":"cond-expr","locations":[{"start":{"line":29,"column":22},"end":{"line":29,"column":60}},{"start":{"line":29,"column":60},"end":{"line":29,"column":77}}],"line":29},"4":{"loc":{"start":{"line":34,"column":9},"end":{"line":35,"column":null}},"type":"binary-expr","locations":[{"start":{"line":34,"column":9},"end":{"line":34,"column":null}},{"start":{"line":35,"column":10},"end":{"line":35,"column":null}}],"line":34},"5":{"loc":{"start":{"line":37,"column":9},"end":{"line":38,"column":null}},"type":"binary-expr","locations":[{"start":{"line":37,"column":9},"end":{"line":37,"column":23}},{"start":{"line":37,"column":23},"end":{"line":37,"column":null}},{"start":{"line":38,"column":10},"end":{"line":38,"column":null}}],"line":37}},"s":{"0":1,"1":16,"2":16,"3":1},"f":{"0":16},"b":{"0":[16],"1":[16,15],"2":[16,6],"3":[3,13],"4":[16,3],"5":[16,2,1]},"meta":{"lastBranch":6,"lastFunction":1,"lastStatement":4,"seen":{"s:10:13:43:Infinity":0,"f:11:2:11:3":0,"b:11:43:11:47":0,"s:12:20:12:Infinity":1,"b:12:20:12:26:12:26:12:Infinity":1,"s:14:4:40:Infinity":2,"b:16:9:16:Infinity:17:10:19:Infinity":2,"b:29:22:29:60:29:60:29:77":3,"b:34:9:34:Infinity:35:10:35:Infinity":4,"b:37:9:37:23:37:23:37:Infinity:38:10:38:Infinity":5,"s:45:0:45:Infinity":3}}}
,"C:\\Projects\\web\\hopper-app\\src\\shared\\components\\Loading.tsx": {"path":"C:\\Projects\\web\\hopper-app\\src\\shared\\components\\Loading.tsx","statementMap":{"0":{"start":{"line":8,"column":20},"end":{"line":12,"column":null}},"1":{"start":{"line":15,"column":2},"end":{"line":19,"column":null}},"2":{"start":{"line":24,"column":2},"end":{"line":30,"column":null}}},"fnMap":{"0":{"name":"Loading","decl":{"start":{"line":14,"column":16},"end":{"line":14,"column":24}},"loc":{"start":{"line":14,"column":79},"end":{"line":21,"column":null}},"line":14},"1":{"name":"PageLoading","decl":{"start":{"line":23,"column":16},"end":{"line":23,"column":28}},"loc":{"start":{"line":23,"column":70},"end":{"line":32,"column":null}},"line":23}},"branchMap":{"0":{"loc":{"start":{"line":14,"column":26},"end":{"line":14,"column":50}},"type":"default-arg","locations":[{"start":{"line":14,"column":36},"end":{"line":14,"column":50}}],"line":14},"1":{"loc":{"start":{"line":14,"column":50},"end":{"line":14,"column":62}},"type":"default-arg","locations":[{"start":{"line":14,"column":57},"end":{"line":14,"column":62}}],"line":14},"2":{"loc":{"start":{"line":23,"column":30},"end":{"line":23,"column":53}},"type":"default-arg","locations":[{"start":{"line":23,"column":40},"end":{"line":23,"column":53}}],"line":23}},"s":{"0":1,"1":7,"2":0},"f":{"0":7,"1":0},"b":{"0":[7],"1":[7],"2":[0]},"meta":{"lastBranch":3,"lastFunction":2,"lastStatement":3,"seen":{"s:8:20:12:Infinity":0,"f:14:16:14:24":0,"b:14:36:14:50":0,"b:14:57:14:62":1,"s:15:2:19:Infinity":1,"f:23:16:23:28":1,"b:23:40:23:53":2,"s:24:2:30:Infinity":2}}}
,"C:\\Projects\\web\\hopper-app\\src\\shared\\components\\Modal.tsx": {"path":"C:\\Projects\\web\\hopper-app\\src\\shared\\components\\Modal.tsx","statementMap":{"0":{"start":{"line":13,"column":20},"end":{"line":18,"column":null}},"1":{"start":{"line":21,"column":2},"end":{"line":31,"column":null}},"2":{"start":{"line":22,"column":4},"end":{"line":26,"column":null}},"3":{"start":{"line":23,"column":6},"end":{"line":23,"column":null}},"4":{"start":{"line":25,"column":6},"end":{"line":25,"column":null}},"5":{"start":{"line":28,"column":4},"end":{"line":30,"column":null}},"6":{"start":{"line":29,"column":6},"end":{"line":29,"column":null}},"7":{"start":{"line":33,"column":2},"end":{"line":47,"column":null}},"8":{"start":{"line":34,"column":25},"end":{"line":38,"column":null}},"9":{"start":{"line":35,"column":6},"end":{"line":37,"column":null}},"10":{"start":{"line":36,"column":8},"end":{"line":36,"column":null}},"11":{"start":{"line":40,"column":4},"end":{"line":42,"column":null}},"12":{"start":{"line":41,"column":6},"end":{"line":41,"column":null}},"13":{"start":{"line":44,"column":4},"end":{"line":46,"column":null}},"14":{"start":{"line":45,"column":6},"end":{"line":45,"column":null}},"15":{"start":{"line":49,"column":2},"end":{"line":49,"column":null}},"16":{"start":{"line":49,"column":15},"end":{"line":49,"column":null}},"17":{"start":{"line":51,"column":2},"end":{"line":81,"column":null}},"18":{"start":{"line":58,"column":24},"end":{"line":58,"column":null}}},"fnMap":{"0":{"name":"Modal","decl":{"start":{"line":20,"column":24},"end":{"line":20,"column":30}},"loc":{"start":{"line":20,"column":93},"end":{"line":82,"column":null}},"line":20},"1":{"name":"(anonymous_1)","decl":{"start":{"line":21,"column":12},"end":{"line":21,"column":18}},"loc":{"start":{"line":21,"column":18},"end":{"line":31,"column":5}},"line":21},"2":{"name":"(anonymous_2)","decl":{"start":{"line":28,"column":11},"end":{"line":28,"column":17}},"loc":{"start":{"line":28,"column":17},"end":{"line":30,"column":null}},"line":28},"3":{"name":"(anonymous_3)","decl":{"start":{"line":33,"column":12},"end":{"line":33,"column":18}},"loc":{"start":{"line":33,"column":18},"end":{"line":47,"column":5}},"line":33},"4":{"name":"(anonymous_4)","decl":{"start":{"line":34,"column":25},"end":{"line":34,"column":26}},"loc":{"start":{"line":34,"column":47},"end":{"line":38,"column":null}},"line":34},"5":{"name":"(anonymous_5)","decl":{"start":{"line":44,"column":11},"end":{"line":44,"column":17}},"loc":{"start":{"line":44,"column":17},"end":{"line":46,"column":null}},"line":44},"6":{"name":"(anonymous_6)","decl":{"start":{"line":58,"column":17},"end":{"line":58,"column":18}},"loc":{"start":{"line":58,"column":24},"end":{"line":58,"column":null}},"line":58}},"branchMap":{"0":{"loc":{"start":{"line":20,"column":66},"end":{"line":20,"column":78}},"type":"default-arg","locations":[{"start":{"line":20,"column":73},"end":{"line":20,"column":78}}],"line":20},"1":{"loc":{"start":{"line":22,"column":4},"end":{"line":26,"column":null}},"type":"if","locations":[{"start":{"line":22,"column":4},"end":{"line":26,"column":null}},{"start":{"line":24,"column":11},"end":{"line":26,"column":null}}],"line":22},"2":{"loc":{"start":{"line":35,"column":6},"end":{"line":37,"column":null}},"type":"if","locations":[{"start":{"line":35,"column":6},"end":{"line":37,"column":null}},{"start":{},"end":{}}],"line":35},"3":{"loc":{"start":{"line":40,"column":4},"end":{"line":42,"column":null}},"type":"if","locations":[{"start":{"line":40,"column":4},"end":{"line":42,"column":null}},{"start":{},"end":{}}],"line":40},"4":{"loc":{"start":{"line":49,"column":2},"end":{"line":49,"column":null}},"type":"if","locations":[{"start":{"line":49,"column":2},"end":{"line":49,"column":null}},{"start":{},"end":{}}],"line":49},"5":{"loc":{"start":{"line":62,"column":11},"end":{"line":62,"column":null}},"type":"binary-expr","locations":[{"start":{"line":62,"column":11},"end":{"line":62,"column":20}},{"start":{"line":62,"column":20},"end":{"line":62,"column":null}}],"line":62}},"s":{"0":1,"1":6,"2":6,"3":5,"4":1,"5":6,"6":6,"7":6,"8":6,"9":0,"10":0,"11":6,"12":5,"13":6,"14":6,"15":6,"16":1,"17":5,"18":0},"f":{"0":6,"1":6,"2":6,"3":6,"4":0,"5":6,"6":0},"b":{"0":[6],"1":[5,1],"2":[0,0],"3":[5,1],"4":[1,5],"5":[5,5]},"meta":{"lastBranch":6,"lastFunction":7,"lastStatement":19,"seen":{"s:13:20:18:Infinity":0,"f:20:24:20:30":0,"b:20:73:20:78":0,"s:21:2:31:Infinity":1,"f:21:12:21:18":1,"b:22:4:26:Infinity:24:11:26:Infinity":1,"s:22:4:26:Infinity":2,"s:23:6:23:Infinity":3,"s:25:6:25:Infinity":4,"s:28:4:30:Infinity":5,"f:28:11:28:17":2,"s:29:6:29:Infinity":6,"s:33:2:47:Infinity":7,"f:33:12:33:18":3,"s:34:25:38:Infinity":8,"f:34:25:34:26":4,"b:35:6:37:Infinity:undefined:undefined:undefined:undefined":2,"s:35:6:37:Infinity":9,"s:36:8:36:Infinity":10,"b:40:4:42:Infinity:undefined:undefined:undefined:undefined":3,"s:40:4:42:Infinity":11,"s:41:6:41:Infinity":12,"s:44:4:46:Infinity":13,"f:44:11:44:17":5,"s:45:6:45:Infinity":14,"b:49:2:49:Infinity:undefined:undefined:undefined:undefined":4,"s:49:2:49:Infinity":15,"s:49:15:49:Infinity":16,"s:51:2:81:Infinity":17,"f:58:17:58:18":6,"s:58:24:58:Infinity":18,"b:62:11:62:20:62:20:62:Infinity":5}}}
,"C:\\Projects\\web\\hopper-app\\src\\store\\authStore.ts": {"path":"C:\\Projects\\web\\hopper-app\\src\\store\\authStore.ts","statementMap":{"0":{"start":{"line":22,"column":16},"end":{"line":22,"column":null}},"1":{"start":{"line":24,"column":13},"end":{"line":118,"column":null}},"2":{"start":{"line":26,"column":23},"end":{"line":108,"column":null}},"3":{"start":{"line":35,"column":16},"end":{"line":58,"column":null}},"4":{"start":{"line":36,"column":37},"end":{"line":39,"column":null}},"5":{"start":{"line":41,"column":20},"end":{"line":52,"column":null}},"6":{"start":{"line":42,"column":50},"end":{"line":42,"column":null}},"7":{"start":{"line":44,"column":24},"end":{"line":49,"column":null}},"8":{"start":{"line":51,"column":24},"end":{"line":51,"column":null}},"9":{"start":{"line":53,"column":20},"end":{"line":53,"column":null}},"10":{"start":{"line":55,"column":20},"end":{"line":55,"column":null}},"11":{"start":{"line":56,"column":20},"end":{"line":56,"column":null}},"12":{"start":{"line":57,"column":20},"end":{"line":57,"column":null}},"13":{"start":{"line":63,"column":16},"end":{"line":67,"column":null}},"14":{"start":{"line":70,"column":16},"end":{"line":76,"column":null}},"15":{"start":{"line":71,"column":20},"end":{"line":75,"column":null}},"16":{"start":{"line":72,"column":24},"end":{"line":72,"column":null}},"17":{"start":{"line":74,"column":24},"end":{"line":74,"column":null}},"18":{"start":{"line":81,"column":16},"end":{"line":81,"column":null}},"19":{"start":{"line":86,"column":16},"end":{"line":86,"column":null}},"20":{"start":{"line":91,"column":33},"end":{"line":91,"column":null}},"21":{"start":{"line":92,"column":16},"end":{"line":92,"column":null}},"22":{"start":{"line":97,"column":40},"end":{"line":97,"column":null}},"23":{"start":{"line":99,"column":16},"end":{"line":106,"column":null}},"24":{"start":{"line":100,"column":20},"end":{"line":103,"column":null}},"25":{"start":{"line":105,"column":20},"end":{"line":105,"column":null}},"26":{"start":{"line":111,"column":36},"end":{"line":115,"column":null}}},"fnMap":{"0":{"name":"(anonymous_0)","decl":{"start":{"line":26,"column":8},"end":{"line":26,"column":9}},"loc":{"start":{"line":26,"column":23},"end":{"line":108,"column":null}},"line":26},"1":{"name":"(anonymous_1)","decl":{"start":{"line":34,"column":19},"end":{"line":34,"column":26}},"loc":{"start":{"line":34,"column":80},"end":{"line":59,"column":null}},"line":34},"2":{"name":"(anonymous_2)","decl":{"start":{"line":62,"column":20},"end":{"line":62,"column":26}},"loc":{"start":{"line":62,"column":26},"end":{"line":77,"column":null}},"line":62},"3":{"name":"(anonymous_3)","decl":{"start":{"line":80,"column":21},"end":{"line":80,"column":22}},"loc":{"start":{"line":80,"column":38},"end":{"line":82,"column":null}},"line":80},"4":{"name":"(anonymous_4)","decl":{"start":{"line":85,"column":24},"end":{"line":85,"column":25}},"loc":{"start":{"line":85,"column":46},"end":{"line":87,"column":null}},"line":85},"5":{"name":"(anonymous_5)","decl":{"start":{"line":90,"column":21},"end":{"line":90,"column":27}},"loc":{"start":{"line":90,"column":27},"end":{"line":93,"column":null}},"line":90},"6":{"name":"(anonymous_6)","decl":{"start":{"line":96,"column":22},"end":{"line":96,"column":34}},"loc":{"start":{"line":96,"column":34},"end":{"line":107,"column":null}},"line":96},"7":{"name":"(anonymous_7)","decl":{"start":{"line":111,"column":24},"end":{"line":111,"column":25}},"loc":{"start":{"line":111,"column":36},"end":{"line":115,"column":null}},"line":111}},"branchMap":{"0":{"loc":{"start":{"line":22,"column":16},"end":{"line":22,"column":null}},"type":"binary-expr","locations":[{"start":{"line":22,"column":16},"end":{"line":22,"column":48}},{"start":{"line":22,"column":48},"end":{"line":22,"column":null}}],"line":22},"1":{"loc":{"start":{"line":41,"column":20},"end":{"line":52,"column":null}},"type":"if","locations":[{"start":{"line":41,"column":20},"end":{"line":52,"column":null}},{"start":{},"end":{}}],"line":41},"2":{"loc":{"start":{"line":41,"column":24},"end":{"line":41,"column":62}},"type":"binary-expr","locations":[{"start":{"line":41,"column":24},"end":{"line":41,"column":41}},{"start":{"line":41,"column":41},"end":{"line":41,"column":62}}],"line":41},"3":{"loc":{"start":{"line":70,"column":16},"end":{"line":76,"column":null}},"type":"if","locations":[{"start":{"line":70,"column":16},"end":{"line":76,"column":null}},{"start":{},"end":{}}],"line":70},"4":{"loc":{"start":{"line":99,"column":16},"end":{"line":106,"column":null}},"type":"if","locations":[{"start":{"line":99,"column":16},"end":{"line":106,"column":null}},{"start":{"line":104,"column":23},"end":{"line":106,"column":null}}],"line":99},"5":{"loc":{"start":{"line":99,"column":20},"end":{"line":99,"column":35}},"type":"binary-expr","locations":[{"start":{"line":99,"column":20},"end":{"line":99,"column":29}},{"start":{"line":99,"column":29},"end":{"line":99,"column":35}}],"line":99}},"s":{"0":2,"1":2,"2":2,"3":3,"4":3,"5":2,"6":1,"7":1,"8":1,"9":1,"10":1,"11":1,"12":1,"13":2,"14":2,"15":2,"16":2,"17":0,"18":1,"19":2,"20":3,"21":3,"22":2,"23":2,"24":1,"25":1,"26":31},"f":{"0":2,"1":3,"2":2,"3":1,"4":2,"5":3,"6":2,"7":31},"b":{"0":[2,0],"1":[1,1],"2":[2,2],"3":[2,0],"4":[1,1],"5":[2,1]},"meta":{"lastBranch":6,"lastFunction":8,"lastStatement":27,"seen":{"s:22:16:22:Infinity":0,"b:22:16:22:48:22:48:22:Infinity":0,"s:24:13:118:Infinity":1,"f:26:8:26:9":0,"s:26:23:108:Infinity":2,"f:34:19:34:26":1,"s:35:16:58:Infinity":3,"s:36:37:39:Infinity":4,"b:41:20:52:Infinity:undefined:undefined:undefined:undefined":1,"s:41:20:52:Infinity":5,"b:41:24:41:41:41:41:41:62":2,"s:42:50:42:Infinity":6,"s:44:24:49:Infinity":7,"s:51:24:51:Infinity":8,"s:53:20:53:Infinity":9,"s:55:20:55:Infinity":10,"s:56:20:56:Infinity":11,"s:57:20:57:Infinity":12,"f:62:20:62:26":2,"s:63:16:67:Infinity":13,"b:70:16:76:Infinity:undefined:undefined:undefined:undefined":3,"s:70:16:76:Infinity":14,"s:71:20:75:Infinity":15,"s:72:24:72:Infinity":16,"s:74:24:74:Infinity":17,"f:80:21:80:22":3,"s:81:16:81:Infinity":18,"f:85:24:85:25":4,"s:86:16:86:Infinity":19,"f:90:21:90:27":5,"s:91:33:91:Infinity":20,"s:92:16:92:Infinity":21,"f:96:22:96:34":6,"s:97:40:97:Infinity":22,"b:99:16:106:Infinity:104:23:106:Infinity":4,"s:99:16:106:Infinity":23,"b:99:20:99:29:99:29:99:35":5,"s:100:20:103:Infinity":24,"s:105:20:105:Infinity":25,"f:111:24:111:25":7,"s:111:36:115:Infinity":26}}}
}
